d:\opengl lianxi\projectclient\project1\debug\vc141.pdb
d:\opengl lianxi\projectclient\project1\debug\vc141.idb
d:\opengl lianxi\projectclient\project1\debug\readfiles.obj
d:\opengl lianxi\projectclient\project1\debug\imgui_draw.obj
d:\opengl lianxi\projectclient\project1\debug\imgui_demo.obj
d:\opengl lianxi\projectclient\project1\debug\imgui.obj
d:\opengl lianxi\projectclient\project1\debug\imgui_impl_glfw_gl3.obj
d:\opengl lianxi\projectclient\project1\debug\factorymap.obj
d:\opengl lianxi\projectclient\project1\debug\drawpart.obj
d:\opengl lianxi\projectclient\project1\debug\clientmain.obj
d:\opengl lianxi\projectclient\project1\debug\gl3w.obj
d:\opengl lianxi\projectclient\debug\project1.exe
d:\opengl lianxi\projectclient\debug\project1.ilk
d:\opengl lianxi\projectclient\debug\project1.pdb
d:\opengl lianxi\projectclient\debug\librdkafka.dll
d:\opengl lianxi\projectclient\project1\debug\project1.tlog\cl.command.1.tlog
d:\opengl lianxi\projectclient\project1\debug\project1.tlog\cl.read.1.tlog
d:\opengl lianxi\projectclient\project1\debug\project1.tlog\cl.write.1.tlog
d:\opengl lianxi\projectclient\project1\debug\project1.tlog\link.command.1.tlog
d:\opengl lianxi\projectclient\project1\debug\project1.tlog\link.read.1.tlog
d:\opengl lianxi\projectclient\project1\debug\project1.tlog\link.write.1.tlog
d:\opengl lianxi\projectclient\project1\debug\project1.tlog\project1.write.1u.tlog
